<?xml version="1.0" encoding="UTF-8"?>
<!-- Generated by org.testng.reporters.JUnitReportReporter -->
<testsuite skipped="0" hostname="athithan-7130" name="com.testvagrant.testModules.FlightBookingTest" tests="1" failures="0" timestamp="11 Jul 2019 20:45:48 GMT" time="7.802" errors="0">
  <testcase name="testThatResultsAppearForAOneWayJourney" time="7.802" classname="com.testvagrant.testModules.FlightBookingTest"/>
</testsuite> <!-- com.testvagrant.testModules.FlightBookingTest -->
