<?xml version="1.0" encoding="UTF-8"?>
<!-- Generated by org.testng.reporters.JUnitReportReporter -->
<testsuite skipped="0" hostname="athithan-7130" name="com.testvagrant.testModules.SignInTest" tests="1" failures="0" timestamp="11 Jul 2019 20:06:50 GMT" time="1.591" errors="0">
  <testcase name="shouldThrowAnErrorIfSignInDetailsAreMissing" time="1.591" classname="com.testvagrant.testModules.SignInTest"/>
</testsuite> <!-- com.testvagrant.testModules.SignInTest -->
