<?xml version="1.0" encoding="UTF-8"?>
<!-- Generated by org.testng.reporters.JUnitReportReporter -->
<testsuite skipped="0" hostname="athithan-7130" name="com.hippo.testModules.validateCreateProspect" tests="1" failures="0" timestamp="07 Aug 2019 19:14:48 GMT" time="26.527" errors="0">
  <testcase name="validateNewProspectCreation" time="26.527" classname="com.hippo.testModules.validateCreateProspect"/>
</testsuite> <!-- com.hippo.testModules.validateCreateProspect -->
