<?xml version="1.0" encoding="UTF-8"?>
<!-- Generated by org.testng.reporters.JUnitReportReporter -->
<testsuite skipped="0" hostname="athithan-7130" name="com.testvagrant.testModules.HotelBookingTest" tests="1" failures="0" timestamp="11 Jul 2019 19:25:41 GMT" time="8.783" errors="0">
  <testcase name="shouldBeAbleToSearchForHotels" time="8.783" classname="com.testvagrant.testModules.HotelBookingTest"/>
</testsuite> <!-- com.testvagrant.testModules.HotelBookingTest -->
